<?xml version="1.0" encoding="UTF-8"?>
<!-- Generated by org.testng.reporters.JUnitReportReporter -->
<testsuite hostname="DESKTOP-E4GP2AI" name="com.mavenjenkinsgit.mavenJenkinsGit.ClassWxample1" tests="4" failures="0" timestamp="9 Mar 2018 22:32:34 GMT" time="14.864" errors="0">
  <testcase name="test4" time="8.117" classname="com.mavenjenkinsgit.mavenJenkinsGit.ClassWxample1"/>
  <testcase name="test2" time="0.176" classname="com.mavenjenkinsgit.mavenJenkinsGit.ClassWxample1"/>
  <testcase name="test1" time="6.498" classname="com.mavenjenkinsgit.mavenJenkinsGit.ClassWxample1"/>
  <testcase name="test3" time="0.073" classname="com.mavenjenkinsgit.mavenJenkinsGit.ClassWxample1"/>
</testsuite> <!-- com.mavenjenkinsgit.mavenJenkinsGit.ClassWxample1 -->
