<?xml version="1.0" encoding="UTF-8"?>
<!-- Generated by org.testng.reporters.JUnitReportReporter -->
<testsuite hostname="DESKTOP-E4GP2AI" name="com.mavenjenkinsgit.mavenJenkinsGit.ClassWxample1" tests="4" failures="0" timestamp="9 Mar 2018 01:14:31 GMT" time="14.863" errors="0">
  <testcase name="test4" time="9.099" classname="com.mavenjenkinsgit.mavenJenkinsGit.ClassWxample1"/>
  <testcase name="test2" time="0.107" classname="com.mavenjenkinsgit.mavenJenkinsGit.ClassWxample1"/>
  <testcase name="test1" time="5.571" classname="com.mavenjenkinsgit.mavenJenkinsGit.ClassWxample1"/>
  <testcase name="test3" time="0.086" classname="com.mavenjenkinsgit.mavenJenkinsGit.ClassWxample1"/>
</testsuite> <!-- com.mavenjenkinsgit.mavenJenkinsGit.ClassWxample1 -->
